# JRE version: OpenJDK Runtime Environment Corretto-17.0.6.10.1 (17.0.6+10) (build 17.0.6+10-LTS)
# Java VM: OpenJDK 64-Bit Server VM Corretto-17.0.6.10.1 (17.0.6+10-LTS, mixed mode, sharing, tiered, compressed oops, compressed class ptrs, g1 gc, windows-amd64)
GC Precious Log:
 CPUs: 4 total, 4 available
 Memory: 8089M
 Large Page Support: Disabled
 NUMA Support: Disabled
 Compressed Oops: Enabled (32-bit)
 Heap Region Size: 1M
 Heap Min Capacity: 8M
 Heap Initial Capacity: 128M
 Heap Max Capacity: 2024M
 Pre-touch: Disabled
 Parallel Workers: 4
 Concurrent Workers: 1
 Concurrent Refinement Workers: 4
 Periodic GC: Disabled
Heap:
 garbage-first heap   total 176128K, used 66937K [0x0000000081800000, 0x0000000100000000)
  region size 1024K, 3 young (3072K), 1 survivors (1024K)
 Metaspace       used 36809K, committed 37120K, reserved 1081344K
  class space    used 4839K, committed 4992K, reserved 1048576K
GC Heap History (18 events):
Event: 0.281 GC heap before
{Heap before GC invocations=0 (full 0):
 garbage-first heap   total 131072K, used 12288K [0x0000000081800000, 0x0000000100000000)
  region size 1024K, 13 young (13312K), 0 survivors (0K)
 Metaspace       used 518K, committed 704K, reserved 1056768K
  class space    used 30K, committed 128K, reserved 1048576K
}
Event: 0.283 GC heap after
{Heap after GC invocations=1 (full 0):
 garbage-first heap   total 131072K, used 882K [0x0000000081800000, 0x0000000100000000)
  region size 1024K, 1 young (1024K), 1 survivors (1024K)
 Metaspace       used 518K, committed 704K, reserved 1056768K
  class space    used 30K, committed 128K, reserved 1048576K
}
Event: 0.854 GC heap before
{Heap before GC invocations=1 (full 0):
 garbage-first heap   total 131072K, used 20338K [0x0000000081800000, 0x0000000100000000)
  region size 1024K, 20 young (20480K), 1 survivors (1024K)
 Metaspace       used 3631K, committed 3840K, reserved 1056768K
  class space    used 391K, committed 512K, reserved 1048576K
}
Event: 0.857 GC heap after
{Heap after GC invocations=2 (full 0):
 garbage-first heap   total 131072K, used 2389K [0x0000000081800000, 0x0000000100000000)
  region size 1024K, 3 young (3072K), 3 survivors (3072K)
 Metaspace       used 3631K, committed 3840K, reserved 1056768K
  class space    used 391K, committed 512K, reserved 1048576K
}
Event: 11.858 GC heap before
{Heap before GC invocations=2 (full 0):
 garbage-first heap   total 131072K, used 124245K [0x0000000081800000, 0x0000000100000000)
  region size 1024K, 76 young (77824K), 3 survivors (3072K)
 Metaspace       used 21259K, committed 21504K, reserved 1073152K
  class space    used 3030K, committed 3136K, reserved 1048576K
}
Event: 11.871 GC heap after
{Heap after GC invocations=3 (full 0):
 garbage-first heap   total 142336K, used 40003K [0x0000000081800000, 0x0000000100000000)
  region size 1024K, 10 young (10240K), 10 survivors (10240K)
 Metaspace       used 21259K, committed 21504K, reserved 1073152K
  class space    used 3030K, committed 3136K, reserved 1048576K
}
Event: 12.174 GC heap before
{Heap before GC invocations=4 (full 0):
 garbage-first heap   total 140288K, used 55363K [0x0000000081800000, 0x0000000100000000)
  region size 1024K, 25 young (25600K), 10 survivors (10240K)
 Metaspace       used 26715K, committed 27008K, reserved 1073152K
  class space    used 3717K, committed 3840K, reserved 1048576K
}
Event: 12.184 GC heap after
{Heap after GC invocations=5 (full 0):
 garbage-first heap   total 140288K, used 42044K [0x0000000081800000, 0x0000000100000000)
  region size 1024K, 2 young (2048K), 2 survivors (2048K)
 Metaspace       used 26715K, committed 27008K, reserved 1073152K
  class space    used 3717K, committed 3840K, reserved 1048576K
}
Event: 12.230 GC heap before
{Heap before GC invocations=5 (full 0):
 garbage-first heap   total 140288K, used 45116K [0x0000000081800000, 0x0000000100000000)
  region size 1024K, 6 young (6144K), 2 survivors (2048K)
 Metaspace       used 27705K, committed 27968K, reserved 1081344K
  class space    used 3850K, committed 3968K, reserved 1048576K
}
Event: 12.233 GC heap after
{Heap after GC invocations=6 (full 0):
 garbage-first heap   total 140288K, used 42609K [0x0000000081800000, 0x0000000100000000)
  region size 1024K, 1 young (1024K), 1 survivors (1024K)
 Metaspace       used 27705K, committed 27968K, reserved 1081344K
  class space    used 3850K, committed 3968K, reserved 1048576K
}
Event: 12.531 GC heap before
{Heap before GC invocations=6 (full 0):
 garbage-first heap   total 140288K, used 100977K [0x0000000081800000, 0x0000000100000000)
  region size 1024K, 58 young (59392K), 1 survivors (1024K)
 Metaspace       used 31223K, committed 31552K, reserved 1081344K
  class space    used 4276K, committed 4416K, reserved 1048576K
}
Event: 12.534 GC heap after
{Heap after GC invocations=7 (full 0):
 garbage-first heap   total 140288K, used 44833K [0x0000000081800000, 0x0000000100000000)
  region size 1024K, 3 young (3072K), 3 survivors (3072K)
 Metaspace       used 31223K, committed 31552K, reserved 1081344K
  class space    used 4276K, committed 4416K, reserved 1048576K
}
Event: 13.044 GC heap before
{Heap before GC invocations=7 (full 0):
 garbage-first heap   total 140288K, used 107297K [0x0000000081800000, 0x0000000100000000)
  region size 1024K, 63 young (64512K), 3 survivors (3072K)
 Metaspace       used 34622K, committed 34944K, reserved 1081344K
  class space    used 4652K, committed 4800K, reserved 1048576K
}
Event: 13.057 GC heap after
{Heap after GC invocations=8 (full 0):
 garbage-first heap   total 140288K, used 60803K [0x0000000081800000, 0x0000000100000000)
  region size 1024K, 8 young (8192K), 8 survivors (8192K)
 Metaspace       used 34622K, committed 34944K, reserved 1081344K
  class space    used 4652K, committed 4800K, reserved 1048576K
}
Event: 13.365 GC heap before
{Heap before GC invocations=8 (full 0):
 garbage-first heap   total 140288K, used 102787K [0x0000000081800000, 0x0000000100000000)
  region size 1024K, 41 young (41984K), 8 survivors (8192K)
 Metaspace       used 35252K, committed 35584K, reserved 1081344K
  class space    used 4707K, committed 4864K, reserved 1048576K
}
Event: 13.381 GC heap after
{Heap after GC invocations=9 (full 0):
 garbage-first heap   total 176128K, used 71213K [0x0000000081800000, 0x0000000100000000)
  region size 1024K, 6 young (6144K), 6 survivors (6144K)
 Metaspace       used 35252K, committed 35584K, reserved 1081344K
  class space    used 4707K, committed 4864K, reserved 1048576K
}
Event: 14.672 GC heap before
{Heap before GC invocations=9 (full 0):
 garbage-first heap   total 176128K, used 77357K [0x0000000081800000, 0x0000000100000000)
  region size 1024K, 11 young (11264K), 6 survivors (6144K)
 Metaspace       used 35849K, committed 36160K, reserved 1081344K
  class space    used 4755K, committed 4928K, reserved 1048576K
}
Event: 14.677 GC heap after
{Heap after GC invocations=10 (full 0):
 garbage-first heap   total 176128K, used 67961K [0x0000000081800000, 0x0000000100000000)
  region size 1024K, 1 young (1024K), 1 survivors (1024K)
 Metaspace       used 35849K, committed 36160K, reserved 1081344K
  class space    used 4755K, committed 4928K, reserved 1048576K
}

